/usr/local/lib/python2.7/dist-packages/flask_sqlalchemy/__init__.py:835: FSADeprecationWarning: SQLALCHEMY_TRACK_MODIFICATIONS adds significant overhead and will be disabled by default in the future.  Set it to True or False to suppress this warning.
  'SQLALCHEMY_TRACK_MODIFICATIONS adds significant overhead and '
 * Serving Flask app "app" (lazy loading)
 * Environment: production
   WARNING: This is a development server. Do not use it in a production deployment.
   Use a production WSGI server instead.
 * Debug mode: on
 * Running on http://0.0.0.0:5000/ (Press CTRL+C to quit)
 * Restarting with stat
/usr/local/lib/python2.7/dist-packages/flask_sqlalchemy/__init__.py:835: FSADeprecationWarning: SQLALCHEMY_TRACK_MODIFICATIONS adds significant overhead and will be disabled by default in the future.  Set it to True or False to suppress this warning.
  'SQLALCHEMY_TRACK_MODIFICATIONS adds significant overhead and '
 * Debugger is active!
 * Debugger PIN: 153-774-925
/usr/local/lib/python2.7/dist-packages/flask_sqlalchemy/__init__.py:835: FSADeprecationWarning: SQLALCHEMY_TRACK_MODIFICATIONS adds significant overhead and will be disabled by default in the future.  Set it to True or False to suppress this warning.
  'SQLALCHEMY_TRACK_MODIFICATIONS adds significant overhead and '
 * Serving Flask app "app" (lazy loading)
 * Environment: production
   WARNING: This is a development server. Do not use it in a production deployment.
   Use a production WSGI server instead.
 * Debug mode: on
 * Running on http://0.0.0.0:5000/ (Press CTRL+C to quit)
 * Restarting with stat
/usr/local/lib/python2.7/dist-packages/flask_sqlalchemy/__init__.py:835: FSADeprecationWarning: SQLALCHEMY_TRACK_MODIFICATIONS adds significant overhead and will be disabled by default in the future.  Set it to True or False to suppress this warning.
  'SQLALCHEMY_TRACK_MODIFICATIONS adds significant overhead and '
 * Debugger is active!
 * Debugger PIN: 153-774-925
/home/ubuntu/ca-project/app/views.py:10: FlaskWTFDeprecationWarning: "flask_wtf.Form" has been renamed to "FlaskForm" and will be removed in 1.0.
  form = PostForm()
127.0.0.1 - - [08/Aug/2019 08:49:00] "GET / HTTP/1.0" 200 -
/home/ubuntu/ca-project/app/views.py:10: FlaskWTFDeprecationWarning: "flask_wtf.Form" has been renamed to "FlaskForm" and will be removed in 1.0.
  form = PostForm()
127.0.0.1 - - [08/Aug/2019 08:49:18] "GET /index HTTP/1.0" 200 -
/home/ubuntu/ca-project/app/views.py:10: FlaskWTFDeprecationWarning: "flask_wtf.Form" has been renamed to "FlaskForm" and will be removed in 1.0.
  form = PostForm()
158.38.214.9 - - [08/Aug/2019 11:37:31] "GET / HTTP/1.1" 200 -
158.38.214.9 - - [08/Aug/2019 11:37:32] "GET /favicon.ico HTTP/1.1" 404 -
